May-16 14:09:32.594 [main] DEBUG nextflow.cli.Launcher - $> /usr/local/bin/nextflow run Ackia/e_hirae_analysis
May-16 14:09:32.778 [main] INFO  nextflow.cli.CmdRun - N E X T F L O W  ~  version 0.25.7
May-16 14:09:33.232 [main] DEBUG nextflow.scm.AssetManager - Git config: /Users/oskar/.nextflow/assets/Ackia/e_hirae_analysis/.git/config; branch: master; remote: origin; url: https://github.com/Ackia/e_hirae_analysis.git
May-16 14:09:33.267 [main] DEBUG nextflow.scm.AssetManager - Git config: /Users/oskar/.nextflow/assets/Ackia/e_hirae_analysis/.git/config; branch: master; remote: origin; url: https://github.com/Ackia/e_hirae_analysis.git
May-16 14:09:33.614 [main] DEBUG nextflow.scm.AssetManager - Git config: /Users/oskar/.nextflow/assets/Ackia/e_hirae_analysis/.git/config; branch: master; remote: origin; url: https://github.com/Ackia/e_hirae_analysis.git
May-16 14:09:33.615 [main] INFO  nextflow.cli.CmdRun - Launching `Ackia/e_hirae_analysis` [sad_keller] - revision: 3d0caff236 [master]
May-16 14:09:33.631 [main] DEBUG nextflow.config.ConfigBuilder - Found config base: /Users/oskar/.nextflow/assets/Ackia/e_hirae_analysis/nextflow.config
May-16 14:09:33.631 [main] DEBUG nextflow.config.ConfigBuilder - Found config local: nextflow.config
May-16 14:09:33.633 [main] DEBUG nextflow.config.ConfigBuilder - Parsing config file: /Users/oskar/.nextflow/assets/Ackia/e_hirae_analysis/nextflow.config
May-16 14:09:33.633 [main] DEBUG nextflow.config.ConfigBuilder - Parsing config file: /Users/oskar/Dropbox/e_hirae_analysis/nextflow.config
May-16 14:09:33.881 [main] DEBUG nextflow.config.ConfigBuilder - Setting config profile: 'standard'
May-16 14:09:33.911 [main] ERROR nextflow.cli.Launcher - Unable to parse config file: '/Users/oskar/.nextflow/assets/Ackia/e_hirae_analysis/nextflow.config' 

  Compile failed for sources FixedSetSources[name='/groovy/script/ScriptE50524B4A40766BF07BF5D58D13190AC/_nf_config_e4671af1']. Cause: org.codehaus.groovy.control.MultipleCompilationErrorsException: startup failed:
  /groovy/script/ScriptE50524B4A40766BF07BF5D58D13190AC/_nf_config_e4671af1: 60: expecting '}', found '' @ line 60, column 1.
  1 error

ch.grengine.except.CompileException: Compile failed for sources FixedSetSources[name='/groovy/script/ScriptE50524B4A40766BF07BF5D58D13190AC/_nf_config_e4671af1']. Cause: org.codehaus.groovy.control.MultipleCompilationErrorsException: startup failed:
/groovy/script/ScriptE50524B4A40766BF07BF5D58D13190AC/_nf_config_e4671af1: 60: expecting '}', found '' @ line 60, column 1.
1 error

	at ch.grengine.code.groovy.DefaultGroovyCompiler.compile(DefaultGroovyCompiler.java:182)
	at ch.grengine.load.DefaultTopCodeCache.getUpToDateCode(DefaultTopCodeCache.java:77)
	at ch.grengine.load.LayeredClassLoader.loadMainClass(LayeredClassLoader.java:165)
	at ch.grengine.engine.LayeredEngine.loadMainClass(LayeredEngine.java:188)
	at ch.grengine.Grengine.loadMainClass(Grengine.java:652)
	at ch.grengine.BaseGrengine.load(BaseGrengine.java:356)
	at ch.grengine.BaseGrengine.load(BaseGrengine.java:264)
	at ch.grengine.BaseGrengine$load.call(Unknown Source)
	at nextflow.config.ComposedConfigSlurper.loadScript(ComposedConfigSlurper.groovy:178)
	at sun.reflect.NativeMethodAccessorImpl.invoke0(Native Method)
	at sun.reflect.NativeMethodAccessorImpl.invoke(NativeMethodAccessorImpl.java:62)
	at sun.reflect.DelegatingMethodAccessorImpl.invoke(DelegatingMethodAccessorImpl.java:43)
	at java.lang.reflect.Method.invoke(Method.java:498)
	at org.codehaus.groovy.runtime.callsite.PogoMetaMethodSite$PogoCachedMethodSiteNoUnwrapNoCoerce.invoke(PogoMetaMethodSite.java:210)
	at org.codehaus.groovy.runtime.callsite.PogoMetaMethodSite.callCurrent(PogoMetaMethodSite.java:59)
	at org.codehaus.groovy.runtime.callsite.CallSiteArray.defaultCallCurrent(CallSiteArray.java:52)
	at org.codehaus.groovy.runtime.callsite.AbstractCallSite.callCurrent(AbstractCallSite.java:154)
	at org.codehaus.groovy.runtime.callsite.AbstractCallSite.callCurrent(AbstractCallSite.java:166)
	at nextflow.config.ComposedConfigSlurper.parse(ComposedConfigSlurper.groovy:253)
	at nextflow.config.ComposedConfigSlurper$parse$4.call(Unknown Source)
	at org.codehaus.groovy.runtime.callsite.CallSiteArray.defaultCall(CallSiteArray.java:48)
	at org.codehaus.groovy.runtime.callsite.AbstractCallSite.call(AbstractCallSite.java:113)
	at org.codehaus.groovy.runtime.callsite.AbstractCallSite.call(AbstractCallSite.java:125)
	at nextflow.config.ConfigBuilder$_buildConfig0_closure7.doCall(ConfigBuilder.groovy:274)
	at sun.reflect.NativeMethodAccessorImpl.invoke0(Native Method)
	at sun.reflect.NativeMethodAccessorImpl.invoke(NativeMethodAccessorImpl.java:62)
	at sun.reflect.DelegatingMethodAccessorImpl.invoke(DelegatingMethodAccessorImpl.java:43)
	at java.lang.reflect.Method.invoke(Method.java:498)
	at org.codehaus.groovy.reflection.CachedMethod.invoke(CachedMethod.java:93)
	at groovy.lang.MetaMethod.doMethodInvoke(MetaMethod.java:325)
	at org.codehaus.groovy.runtime.metaclass.ClosureMetaClass.invokeMethod(ClosureMetaClass.java:294)
	at groovy.lang.MetaClassImpl.invokeMethod(MetaClassImpl.java:1022)
	at groovy.lang.Closure.call(Closure.java:414)
	at groovy.lang.Closure.call(Closure.java:430)
	at org.codehaus.groovy.runtime.DefaultGroovyMethods.each(DefaultGroovyMethods.java:2040)
	at org.codehaus.groovy.runtime.DefaultGroovyMethods.each(DefaultGroovyMethods.java:2025)
	at org.codehaus.groovy.runtime.DefaultGroovyMethods.each(DefaultGroovyMethods.java:2066)
	at org.codehaus.groovy.runtime.dgm$162.invoke(Unknown Source)
	at org.codehaus.groovy.runtime.callsite.PojoMetaMethodSite$PojoMetaMethodSiteNoUnwrapNoCoerce.invoke(PojoMetaMethodSite.java:274)
	at org.codehaus.groovy.runtime.callsite.PojoMetaMethodSite.call(PojoMetaMethodSite.java:56)
	at org.codehaus.groovy.runtime.callsite.CallSiteArray.defaultCall(CallSiteArray.java:48)
	at org.codehaus.groovy.runtime.callsite.AbstractCallSite.call(AbstractCallSite.java:113)
	at org.codehaus.groovy.runtime.callsite.AbstractCallSite.call(AbstractCallSite.java:125)
	at nextflow.config.ConfigBuilder.buildConfig0(ConfigBuilder.groovy:267)
	at nextflow.config.ConfigBuilder$buildConfig0$2.callCurrent(Unknown Source)
	at org.codehaus.groovy.runtime.callsite.CallSiteArray.defaultCallCurrent(CallSiteArray.java:52)
	at org.codehaus.groovy.runtime.callsite.AbstractCallSite.callCurrent(AbstractCallSite.java:154)
	at org.codehaus.groovy.runtime.callsite.AbstractCallSite.callCurrent(AbstractCallSite.java:174)
	at nextflow.config.ConfigBuilder.buildConfig(ConfigBuilder.groovy:234)
	at nextflow.config.ConfigBuilder$buildConfig$1.callCurrent(Unknown Source)
	at org.codehaus.groovy.runtime.callsite.CallSiteArray.defaultCallCurrent(CallSiteArray.java:52)
	at org.codehaus.groovy.runtime.callsite.AbstractCallSite.callCurrent(AbstractCallSite.java:154)
	at org.codehaus.groovy.runtime.callsite.AbstractCallSite.callCurrent(AbstractCallSite.java:166)
	at nextflow.config.ConfigBuilder.build(ConfigBuilder.groovy:490)
	at nextflow.cli.CmdRun.run(CmdRun.groovy:203)
	at nextflow.cli.Launcher.run(Launcher.groovy:410)
	at nextflow.cli.Launcher.main(Launcher.groovy:564)
Caused by: org.codehaus.groovy.control.MultipleCompilationErrorsException: startup failed:
/groovy/script/ScriptE50524B4A40766BF07BF5D58D13190AC/_nf_config_e4671af1: 60: expecting '}', found '' @ line 60, column 1.
1 error

	at org.codehaus.groovy.control.ErrorCollector.failIfErrors(ErrorCollector.java:310)
	at org.codehaus.groovy.control.ErrorCollector.addFatalError(ErrorCollector.java:150)
	at org.codehaus.groovy.control.ErrorCollector.addError(ErrorCollector.java:120)
	at org.codehaus.groovy.control.ErrorCollector.addError(ErrorCollector.java:132)
	at org.codehaus.groovy.control.SourceUnit.addError(SourceUnit.java:350)
	at org.codehaus.groovy.antlr.AntlrParserPlugin.transformCSTIntoAST(AntlrParserPlugin.java:144)
	at org.codehaus.groovy.antlr.AntlrParserPlugin.parseCST(AntlrParserPlugin.java:110)
	at org.codehaus.groovy.control.SourceUnit.parse(SourceUnit.java:234)
	at org.codehaus.groovy.control.CompilationUnit$1.call(CompilationUnit.java:168)
	at org.codehaus.groovy.control.CompilationUnit.applyToSourceUnits(CompilationUnit.java:943)
	at org.codehaus.groovy.control.CompilationUnit.doPhaseOperation(CompilationUnit.java:605)
	at org.codehaus.groovy.control.CompilationUnit.processPhaseOperations(CompilationUnit.java:581)
	at org.codehaus.groovy.control.CompilationUnit.compile(CompilationUnit.java:558)
	at ch.grengine.code.groovy.DefaultGroovyCompiler.compile(DefaultGroovyCompiler.java:145)
	... 56 common frames omitted
